<?xml version="1.0" encoding="UTF-8"?>
<!-- Generated by org.testng.reporters.JUnitReportReporter -->
<testsuite skipped="0" hostname="MSI" name="excercise01.Excercise01" tests="3" failures="0" timestamp="10 Oct 2021 08:58:43 GMT" time="18.375" errors="0">
  <testcase name="TC_01_Amazon" time="5.900" classname="excercise01.Excercise01"/>
  <testcase name="TC_01_Amazon" time="5.742" classname="excercise01.Excercise01"/>
  <testcase name="TC_01_Amazon" time="6.733" classname="excercise01.Excercise01"/>
</testsuite> <!-- excercise01.Excercise01 -->
